<?xml version="1.0" encoding="UTF-8"?>
<!-- Generated by org.testng.reporters.JUnitXMLReporter -->
<testsuite hostname="Rajaganesh" ignored="0" name="sample test" tests="5" failures="1" timestamp="04 Sep 2017 12:37:14 GMT" time="231.4" errors="0">
  <testcase name="checkFocus" time="4.27" classname="com.pack.common.tests.BasePageTest"/>
  <testcase name="createNullPet" time="71.168" classname="com.pack.common.tests.BasePageTest">
    <failure type="java.lang.AssertionError" message="Null Pet was not created expected [true] but found [false]">
      <![CDATA[java.lang.AssertionError: Null Pet was not created expected [true] but found [false]
	at com.pack.common.tests.BasePageTest.createNullPet(BasePageTest.java:34)
... Removed 31 stack frames]]>
    </failure>
  </testcase> <!-- createNullPet -->
  <testcase name="createPetEnter" time="62.272" classname="com.pack.common.tests.BasePageTest"/>
  <testcase name="createValidPet" time="66.449" classname="com.pack.common.tests.BasePageTest"/>
  <testcase name="verifyHomePage" time="0.019" classname="com.pack.common.tests.BasePageTest"/>
</testsuite> <!-- sample test -->
